C:\DOCUMENTS AND SETTINGS\Администратор\Мои документы\VISUAL STUDIO 2010\PROJECTS\DRIVER7\DEBUG\DRIVER7.EXE
C:\DOCUMENTS AND SETTINGS\Администратор\Мои документы\VISUAL STUDIO 2010\PROJECTS\DRIVER7\DEBUG\DRIVER7.ILK
C:\DOCUMENTS AND SETTINGS\АДМИНИСТРАТОР\МОИ ДОКУМЕНТЫ\VISUAL STUDIO 2010\PROJECTS\DRIVER7\DEBUG\DRIVER7.PDB
C:\Documents and Settings\Администратор\Мои документы\Visual Studio 2010\Projects\Driver7\Driver7\Debug\cl.command.1.tlog
C:\Documents and Settings\Администратор\Мои документы\Visual Studio 2010\Projects\Driver7\Driver7\Debug\CL.read.1.tlog
C:\Documents and Settings\Администратор\Мои документы\Visual Studio 2010\Projects\Driver7\Driver7\Debug\CL.write.1.tlog
C:\DOCUMENTS AND SETTINGS\администратор\мои документы\VISUAL STUDIO 2010\PROJECTS\DRIVER7\DRIVER7\DEBUG\DRIVER7.EXE.EMBED.MANIFEST
C:\DOCUMENTS AND SETTINGS\администратор\мои документы\VISUAL STUDIO 2010\PROJECTS\DRIVER7\DRIVER7\DEBUG\DRIVER7.EXE.EMBED.MANIFEST.RES
C:\DOCUMENTS AND SETTINGS\Администратор\Мои документы\VISUAL STUDIO 2010\PROJECTS\DRIVER7\DRIVER7\DEBUG\DRIVER7.EXE.INTERMEDIATE.MANIFEST
C:\Documents and Settings\Администратор\Мои документы\Visual Studio 2010\Projects\Driver7\Driver7\Debug\Driver7_manifest.rc
C:\DOCUMENTS AND SETTINGS\администратор\мои документы\VISUAL STUDIO 2010\PROJECTS\DRIVER7\DRIVER7\DEBUG\DRIVERSTRT.OBJ
C:\Documents and Settings\Администратор\Мои документы\Visual Studio 2010\Projects\Driver7\Driver7\Debug\link.300.read.1.tlog
C:\Documents and Settings\Администратор\Мои документы\Visual Studio 2010\Projects\Driver7\Driver7\Debug\link.300.write.1.tlog
C:\Documents and Settings\Администратор\Мои документы\Visual Studio 2010\Projects\Driver7\Driver7\Debug\link.300-cvtres.read.1.tlog
C:\Documents and Settings\Администратор\Мои документы\Visual Studio 2010\Projects\Driver7\Driver7\Debug\link.300-cvtres.write.1.tlog
C:\Documents and Settings\Администратор\Мои документы\Visual Studio 2010\Projects\Driver7\Driver7\Debug\link.command.1.tlog
C:\Documents and Settings\Администратор\Мои документы\Visual Studio 2010\Projects\Driver7\Driver7\Debug\link.read.1.tlog
C:\Documents and Settings\Администратор\Мои документы\Visual Studio 2010\Projects\Driver7\Driver7\Debug\link.write.1.tlog
C:\Documents and Settings\Администратор\Мои документы\Visual Studio 2010\Projects\Driver7\Driver7\Debug\link-cvtres.read.1.tlog
C:\Documents and Settings\Администратор\Мои документы\Visual Studio 2010\Projects\Driver7\Driver7\Debug\link-cvtres.write.1.tlog
C:\Documents and Settings\Администратор\Мои документы\Visual Studio 2010\Projects\Driver7\Driver7\Debug\mt.command.1.tlog
C:\Documents and Settings\Администратор\Мои документы\Visual Studio 2010\Projects\Driver7\Driver7\Debug\mt.read.1.tlog
C:\Documents and Settings\Администратор\Мои документы\Visual Studio 2010\Projects\Driver7\Driver7\Debug\mt.write.1.tlog
C:\Documents and Settings\Администратор\Мои документы\Visual Studio 2010\Projects\Driver7\Driver7\Debug\rc.command.1.tlog
C:\Documents and Settings\Администратор\Мои документы\Visual Studio 2010\Projects\Driver7\Driver7\Debug\rc.read.1.tlog
C:\Documents and Settings\Администратор\Мои документы\Visual Studio 2010\Projects\Driver7\Driver7\Debug\rc.write.1.tlog
C:\DOCUMENTS AND SETTINGS\администратор\мои документы\VISUAL STUDIO 2010\PROJECTS\DRIVER7\DRIVER7\DEBUG\STDAFX.OBJ
C:\Documents and Settings\Администратор\Мои документы\Visual Studio 2010\Projects\Driver7\Driver7\Debug\vc100.idb
C:\DOCUMENTS AND SETTINGS\АДМИНИСТРАТОР\МОИ ДОКУМЕНТЫ\VISUAL STUDIO 2010\PROJECTS\DRIVER7\DRIVER7\DEBUG\VC100.PDB
