Построение начато 07.12.2015 17:24:35.
     1>Проект "C:\Documents and Settings\Администратор\Мои документы\Visual Studio 2010\Projects\Driver7\Driver7\Driver7.vcxproj" в узле 2 (целевые объекты rebuild).
     1>_PrepareForClean:
         Файл "Debug\Driver7.lastbuildstate" удаляется.
       InitializeBuildStatus:
         Создание "Debug\Driver7.unsuccessfulbuild", так как было задано "AlwaysCreate".
       ClCompile:
         C:\Program Files\Microsoft Visual Studio 10.0\VC\bin\CL.exe /c /IC:\WinDDK\7600.16385.1\inc\api /IC:\WinDDK\7600.16385.1\inc\crt /IC:\WinDDK\7600.16385.1\inc\ddk /ZI /nologo /W3 /WX- /Od /Oy- /D WIN32 /D _DEBUG /D _CONSOLE /D _UNICODE /D UNICODE /Gm /EHsc /RTC1 /MDd /GS /fp:precise /Zc:wchar_t /Zc:forScope /Fo"Debug\\" /Fd"Debug\vc100.pdb" /Gd /TP /analyze- /errorReport:prompt "..\..\..\..\..\..\Администратор\Рабочий стол\7 лаба\StartDriver\StartDriver\stdafx.cpp" DriverStrt.cpp
         DriverStrt.cpp
         stdafx.cpp
         Создание кода...
       ManifestResourceCompile:
         C:\Program Files\Microsoft SDKs\Windows\v7.0A\bin\rc.exe /nologo /fo"Debug\Driver7.exe.embed.manifest.res" Debug\Driver7_manifest.rc 
       Link:
         C:\Program Files\Microsoft Visual Studio 10.0\VC\bin\link.exe /ERRORREPORT:PROMPT /OUT:"C:\Documents and Settings\Администратор\Мои документы\Visual Studio 2010\Projects\Driver7\Debug\Driver7.exe" /INCREMENTAL /NOLOGO kernel32.lib user32.lib gdi32.lib winspool.lib comdlg32.lib advapi32.lib shell32.lib ole32.lib oleaut32.lib uuid.lib odbc32.lib odbccp32.lib /MANIFEST /ManifestFile:"Debug\Driver7.exe.intermediate.manifest" /MANIFESTUAC:"level='asInvoker' uiAccess='false'" /DEBUG /PDB:"C:\Documents and Settings\Администратор\Мои документы\Visual Studio 2010\Projects\Driver7\Debug\Driver7.pdb" /SUBSYSTEM:CONSOLE /TLBID:1 /DYNAMICBASE /NXCOMPAT /IMPLIB:"C:\Documents and Settings\Администратор\Мои документы\Visual Studio 2010\Projects\Driver7\Debug\Driver7.lib" /MACHINE:X86 Debug\Driver7.exe.embed.manifest.res
         Debug\stdafx.obj
         Debug\DriverStrt.obj
       Manifest:
         Файл "Debug\Driver7.exe.embed.manifest" удаляется.
         C:\Program Files\Microsoft SDKs\Windows\v7.0A\bin\mt.exe /nologo /verbose /out:"Debug\Driver7.exe.embed.manifest" /manifest Debug\Driver7.exe.intermediate.manifest
         C:\Program Files\Microsoft SDKs\Windows\v7.0A\bin\rc.exe /nologo /fo"Debug\Driver7.exe.embed.manifest.res" Debug\Driver7_manifest.rc 
       LinkEmbedManifest:
         C:\Program Files\Microsoft Visual Studio 10.0\VC\bin\link.exe /ERRORREPORT:PROMPT /OUT:"C:\Documents and Settings\Администратор\Мои документы\Visual Studio 2010\Projects\Driver7\Debug\Driver7.exe" /INCREMENTAL /NOLOGO kernel32.lib user32.lib gdi32.lib winspool.lib comdlg32.lib advapi32.lib shell32.lib ole32.lib oleaut32.lib uuid.lib odbc32.lib odbccp32.lib /MANIFEST /ManifestFile:"Debug\Driver7.exe.intermediate.manifest" /MANIFESTUAC:"level='asInvoker' uiAccess='false'" /DEBUG /PDB:"C:\Documents and Settings\Администратор\Мои документы\Visual Studio 2010\Projects\Driver7\Debug\Driver7.pdb" /SUBSYSTEM:CONSOLE /TLBID:1 /DYNAMICBASE /NXCOMPAT /IMPLIB:"C:\Documents and Settings\Администратор\Мои документы\Visual Studio 2010\Projects\Driver7\Debug\Driver7.lib" /MACHINE:X86 Debug\Driver7.exe.embed.manifest.res
         Debug\stdafx.obj
         Debug\DriverStrt.obj
         Driver7.vcxproj -> C:\Documents and Settings\Администратор\Мои документы\Visual Studio 2010\Projects\Driver7\Debug\Driver7.exe
       FinalizeBuildStatus:
         Файл "Debug\Driver7.unsuccessfulbuild" удаляется.
         Обращение к "Debug\Driver7.lastbuildstate".
     1>Построение проекта "C:\Documents and Settings\Администратор\Мои документы\Visual Studio 2010\Projects\Driver7\Driver7\Driver7.vcxproj" завершено (целевые объекты rebuild).

Построение успешно завершено.

Затраченное время: 00:00:02.43
