C:\DRIVER\MYDRIVER\DEBUG\USERMODEAPP.EXE
C:\DRIVER\MYDRIVER\DEBUG\USERMODEAPP.ILK
C:\DRIVER\MYDRIVER\DEBUG\USERMODEAPP.PDB
C:\Driver\OSiSPLab7-master\OSiSPLab7-master\UserModeApp\Debug\cl.command.1.tlog
C:\Driver\OSiSPLab7-master\OSiSPLab7-master\UserModeApp\Debug\CL.read.1.tlog
C:\Driver\OSiSPLab7-master\OSiSPLab7-master\UserModeApp\Debug\CL.write.1.tlog
C:\Driver\OSiSPLab7-master\OSiSPLab7-master\UserModeApp\Debug\link.464.read.1.tlog
C:\Driver\OSiSPLab7-master\OSiSPLab7-master\UserModeApp\Debug\link.464.write.1.tlog
C:\Driver\OSiSPLab7-master\OSiSPLab7-master\UserModeApp\Debug\link.464-cvtres.read.1.tlog
C:\Driver\OSiSPLab7-master\OSiSPLab7-master\UserModeApp\Debug\link.464-cvtres.write.1.tlog
C:\Driver\OSiSPLab7-master\OSiSPLab7-master\UserModeApp\Debug\link.command.1.tlog
C:\Driver\OSiSPLab7-master\OSiSPLab7-master\UserModeApp\Debug\link.read.1.tlog
C:\Driver\OSiSPLab7-master\OSiSPLab7-master\UserModeApp\Debug\link.write.1.tlog
C:\Driver\OSiSPLab7-master\OSiSPLab7-master\UserModeApp\Debug\link-cvtres.read.1.tlog
C:\Driver\OSiSPLab7-master\OSiSPLab7-master\UserModeApp\Debug\link-cvtres.write.1.tlog
C:\Driver\OSiSPLab7-master\OSiSPLab7-master\UserModeApp\Debug\mt.command.1.tlog
C:\Driver\OSiSPLab7-master\OSiSPLab7-master\UserModeApp\Debug\mt.read.1.tlog
C:\Driver\OSiSPLab7-master\OSiSPLab7-master\UserModeApp\Debug\mt.write.1.tlog
C:\Driver\OSiSPLab7-master\OSiSPLab7-master\UserModeApp\Debug\rc.command.1.tlog
C:\Driver\OSiSPLab7-master\OSiSPLab7-master\UserModeApp\Debug\rc.read.1.tlog
C:\Driver\OSiSPLab7-master\OSiSPLab7-master\UserModeApp\Debug\rc.write.1.tlog
C:\DRIVER\OSISPLAB7-MASTER\OSISPLAB7-MASTER\USERMODEAPP\DEBUG\STDAFX.OBJ
C:\DRIVER\OSISPLAB7-MASTER\OSISPLAB7-MASTER\USERMODEAPP\DEBUG\USERMODEAPP.EXE.EMBED.MANIFEST
C:\DRIVER\OSISPLAB7-MASTER\OSISPLAB7-MASTER\USERMODEAPP\DEBUG\USERMODEAPP.EXE.EMBED.MANIFEST.RES
C:\DRIVER\OSISPLAB7-MASTER\OSISPLAB7-MASTER\USERMODEAPP\DEBUG\USERMODEAPP.EXE.INTERMEDIATE.MANIFEST
C:\DRIVER\OSISPLAB7-MASTER\OSISPLAB7-MASTER\USERMODEAPP\DEBUG\USERMODEAPP.OBJ
C:\DRIVER\OSISPLAB7-MASTER\OSISPLAB7-MASTER\USERMODEAPP\DEBUG\USERMODEAPP.PCH
C:\Driver\OSiSPLab7-master\OSiSPLab7-master\UserModeApp\Debug\UserModeApp_manifest.rc
C:\Driver\OSiSPLab7-master\OSiSPLab7-master\UserModeApp\Debug\vc100.idb
C:\DRIVER\OSISPLAB7-MASTER\OSISPLAB7-MASTER\USERMODEAPP\DEBUG\VC100.PDB
